<?xml version="1.0" encoding="UTF-8"?>
<!-- Generated by org.testng.reporters.JUnitReportReporter -->
<testsuite hostname="LAPTOP-7VN01D7S" failures="0" tests="2" name="demoTest.Tests.ErrorValidation" time="29.438" errors="0" timestamp="2024-05-28T18:44:16 IST" skipped="0">
  <testcase classname="demoTest.Tests.ErrorValidation" name="ProductErrorValidation" time="20.823"/>
  <testcase classname="demoTest.Tests.ErrorValidation" name="LoginErrorValidation" time="8.615"/>
</testsuite> <!-- demoTest.Tests.ErrorValidation -->
