<?xml version="1.0" encoding="UTF-8"?>
<!-- Generated by org.testng.reporters.JUnitReportReporter -->
<testsuite hostname="LAPTOP-7VN01D7S" failures="0" tests="3" name="demoTest.Tests.SubmitOrderTest" time="34.055" errors="0" timestamp="2024-06-02T13:27:27 IST" skipped="0">
  <testcase classname="demoTest.Tests.SubmitOrderTest" name="submitOrder" time="13.434"/>
  <testcase classname="demoTest.Tests.SubmitOrderTest" name="submitOrder" time="12.331"/>
  <testcase classname="demoTest.Tests.SubmitOrderTest" name="OrderHistoryTest" time="8.290"/>
</testsuite> <!-- demoTest.Tests.SubmitOrderTest -->
