<?xml version="1.0" encoding="UTF-8"?>
<!-- Generated by org.testng.reporters.JUnitReportReporter -->
<testsuite hostname="LAPTOP-7VN01D7S" failures="0" tests="3" name="demoTest.Tests.SubmitOrderTest" time="48.015" errors="0" timestamp="2024-06-02T21:38:52 IST" skipped="0">
  <testcase classname="demoTest.Tests.SubmitOrderTest" name="submitOrder" time="21.720"/>
  <testcase classname="demoTest.Tests.SubmitOrderTest" name="OrderHistoryTest" time="10.886"/>
  <testcase classname="demoTest.Tests.SubmitOrderTest" name="submitOrder" time="15.409"/>
</testsuite> <!-- demoTest.Tests.SubmitOrderTest -->
